\BOOKMARK [1][-]{section.1}{\376\377\133\236\232\214\166\356\166\204}{}% 1
\BOOKMARK [1][-]{section.2}{\376\377\133\236\232\214\163\257\130\203}{}% 2
\BOOKMARK [1][-]{section.3}{\376\377\133\236\232\214\123\237\164\006}{}% 3
\BOOKMARK [2][-]{subsection.3.1}{\376\377\123\167\171\357\171\136\176\317\177\121\176\334\116\055\166\204\123\167\171\357\144\315\117\134}{section.3}% 4
\BOOKMARK [2][-]{subsection.3.2}{\376\377\166\364\143\245\123\167\171\357\377\010\156\321\172\227\154\325\377\011}{section.3}% 5
\BOOKMARK [2][-]{subsection.3.3}{\376\377\000i\000m\0002\000c\000o\000l\000\040\000+\000\040\000G\000E\000M\000M\145\271\154\325}{section.3}% 6
\BOOKMARK [2][-]{subsection.3.4}{\376\377\000c\000u\000D\000N\000N\123\167\171\357}{section.3}% 7
\BOOKMARK [1][-]{section.4}{\376\377\133\236\232\214\133\236\163\260}{}% 8
\BOOKMARK [2][-]{subsection.4.1}{\376\377\116\373\122\241\0001\377\032\000C\000U\000D\000A\166\364\143\245\123\167\171\357}{section.4}% 9
\BOOKMARK [2][-]{subsection.4.2}{\376\377\116\373\122\241\0002\377\032\000i\000m\0002\000c\000o\000l\000\040\000+\000\040\000G\000E\000M\000M\123\167\171\357}{section.4}% 10
\BOOKMARK [2][-]{subsection.4.3}{\376\377\116\373\122\241\0003\377\032\000c\000u\000D\000N\000N\123\167\171\357}{section.4}% 11
\BOOKMARK [1][-]{section.5}{\376\377\133\236\232\214\176\323\147\234}{}% 12
\BOOKMARK [2][-]{subsection.5.1}{\376\377\153\143\170\156\140\047\232\214\213\301}{section.5}% 13
\BOOKMARK [2][-]{subsection.5.2}{\376\377\126\376\120\317\123\167\171\357\123\357\211\306\123\026\157\024\171\072}{section.5}% 14
\BOOKMARK [2][-]{subsection.5.3}{\376\377\000R\000T\000X\000\040\0004\0000\0006\0000\000\040\000L\000a\000p\000t\000o\000p\000\040\133\236\232\214\176\323\147\234}{section.5}% 15
\BOOKMARK [2][-]{subsection.5.4}{\376\377\000A\0001\0000\0000\000\040\133\236\232\214\176\323\147\234}{section.5}% 16
\BOOKMARK [2][-]{subsection.5.5}{\376\377\000R\000T\000X\000\040\0004\0000\0006\0000\000\040\000v\000s\000\040\000A\0001\0000\0000\000\040\133\371\153\324}{section.5}% 17
\BOOKMARK [1][-]{section.6}{\376\377\140\047\200\375\122\006\147\220}{}% 18
\BOOKMARK [2][-]{subsection.6.1}{\376\377\155\113\221\317\145\271\154\325\116\016\145\160\143\156\154\342\122\250}{section.6}% 19
\BOOKMARK [2][-]{subsection.6.2}{\376\377\166\364\143\245\123\167\171\357\000\040\000v\000s\000\040\000i\000m\0002\000c\000o\000l\000+\000G\000E\000M\000M}{section.6}% 20
\BOOKMARK [2][-]{subsection.6.3}{\376\377\000s\000t\000r\000i\000d\000e\133\371\140\047\200\375\166\204\137\161\124\315}{section.6}% 21
\BOOKMARK [2][-]{subsection.6.4}{\376\377\201\352\133\236\163\260\000\040\000v\000s\000\040\000c\000u\000D\000N\000N}{section.6}% 22
\BOOKMARK [2][-]{subsection.6.5}{\376\377\000R\000T\000X\000\040\0004\0000\0006\0000\000\040\000v\000s\000\040\000A\0001\0000\0000\000\040\140\047\200\375\135\356\137\002}{section.6}% 23
\BOOKMARK [2][-]{subsection.6.6}{\376\377\155\361\121\145\122\006\147\220}{section.6}% 24
\BOOKMARK [2][-]{subsection.6.7}{\376\377\000N\000s\000i\000g\000h\000t\140\047\200\375\122\006\147\220}{section.6}% 25
\BOOKMARK [1][-]{section.7}{\376\377\133\236\232\214\137\303\137\227\116\016\140\073\176\323}{}% 26
